<?xml version="1.0" encoding="UTF-8"?>
<testsuite xmlns:xsi="http://www.w3.org/2001/XMLSchema-instance" xsi:noNamespaceSchemaLocation="https://maven.apache.org/surefire/maven-surefire-plugin/xsd/surefire-test-report.xsd" version="3.0.2" name="io.smppgateway.ServerMainTest" time="0.002" tests="2" errors="0" skipped="2" failures="0">
  <properties/>
  <testcase name="testSubmitsAndDeliveryReceipts2" classname="io.smppgateway.ServerMainTest" time="0.0">
    <skipped message="Full integration test - requires complete Spring context with Kafka"/>
  </testcase>
  <testcase name="testSubmitsAndDeliveryReceipts" classname="io.smppgateway.ServerMainTest" time="0.0">
    <skipped message="Full integration test - requires complete Spring context with Kafka"/>
  </testcase>
</testsuite>